<?xml version="1.0" encoding="UTF-8"?>
<!-- Generated by org.testng.reporters.JUnitReportReporter -->
<testsuite hostname="LAPTOP-IUAHHAM8" failures="0" tests="2" name="com.pageobject.AppiumTest" time="0.001" errors="0" timestamp="2022-03-11T21:26:55 IST" skipped="0">
  <testcase classname="com.pageobject.AppiumTest" name="IOSApps" time="0.000"/>
  <system-out/>
  <testcase classname="com.pageobject.AppiumTest" name="NativeAPpAndroid" time="0.001"/>
  <system-out/>
</testsuite> <!-- com.pageobject.AppiumTest -->
