<?xml version="1.0" encoding="UTF-8"?>
<!-- Generated by org.testng.reporters.JUnitReportReporter -->
<testsuite hostname="LAPTOP-IUAHHAM8" failures="0" tests="2" name="com.pageobject.RESTAPITest" time="0.005" errors="0" timestamp="2022-03-11T21:29:55 IST" skipped="0">
  <testcase classname="com.pageobject.RESTAPITest" name="deleteTwitter" time="0.004"/>
  <system-out/>
  <testcase classname="com.pageobject.RESTAPITest" name="postJira" time="0.001"/>
  <system-out/>
</testsuite> <!-- com.pageobject.RESTAPITest -->
